Performing C SOURCE FILE Test CMAKE_HAVE_LIBC_PTHREAD failed with the following output:
Change Dir: /home/hannah/Documents/School Projects/CPS & SOS/group_06/source_code/cmake-build-debug/CMakeFiles/CMakeTmp

Run Build Command(s):/usr/bin/make cmTC_e62ef/fast && /usr/bin/make -f CMakeFiles/cmTC_e62ef.dir/build.make CMakeFiles/cmTC_e62ef.dir/build
make[1]: Entering directory '/home/hannah/Documents/School Projects/CPS & SOS/group_06/source_code/cmake-build-debug/CMakeFiles/CMakeTmp'
Building C object CMakeFiles/cmTC_e62ef.dir/src.c.o
/usr/bin/cc   -DCMAKE_HAVE_LIBC_PTHREAD   -o CMakeFiles/cmTC_e62ef.dir/src.c.o   -c "/home/hannah/Documents/School Projects/CPS & SOS/group_06/source_code/cmake-build-debug/CMakeFiles/CMakeTmp/src.c"
Linking C executable cmTC_e62ef
/opt/clion-2019.3.2/bin/cmake/linux/bin/cmake -E cmake_link_script CMakeFiles/cmTC_e62ef.dir/link.txt --verbose=1
/usr/bin/cc  -DCMAKE_HAVE_LIBC_PTHREAD  -static-libgcc -static-libstdc++  -rdynamic CMakeFiles/cmTC_e62ef.dir/src.c.o  -o cmTC_e62ef 
CMakeFiles/cmTC_e62ef.dir/src.c.o: In function `main':
src.c:(.text+0x3e): undefined reference to `pthread_create'
src.c:(.text+0x4a): undefined reference to `pthread_detach'
src.c:(.text+0x5b): undefined reference to `pthread_join'
src.c:(.text+0x6f): undefined reference to `pthread_atfork'
collect2: error: ld returned 1 exit status
CMakeFiles/cmTC_e62ef.dir/build.make:86: recipe for target 'cmTC_e62ef' failed
make[1]: *** [cmTC_e62ef] Error 1
make[1]: Leaving directory '/home/hannah/Documents/School Projects/CPS & SOS/group_06/source_code/cmake-build-debug/CMakeFiles/CMakeTmp'
Makefile:121: recipe for target 'cmTC_e62ef/fast' failed
make: *** [cmTC_e62ef/fast] Error 2


Source file was:
#include <pthread.h>

void* test_func(void* data)
{
  return data;
}

int main(void)
{
  pthread_t thread;
  pthread_create(&thread, NULL, test_func, NULL);
  pthread_detach(thread);
  pthread_join(thread, NULL);
  pthread_atfork(NULL, NULL, NULL);
  pthread_exit(NULL);

  return 0;
}

